building state_tru
perl ../tru state.tru structure.tru >state_tru
GOOD	state_tru
testing state_tru
perl state_tru in
chapter : chapter	From Genesis to Revelation
section : section	one
section : subsection	one-one
any line : line 1
name for the action : name for the action	line 1
any line : line 2
name for the action : name for the action	line 2
table : table
tabaligned line : field 1
tabaligned line : more about field1
tabaligned line : the next two lines are empty
tabaligned line : 
tabaligned line : 
section : subsection	one-two
section : section	two
chapter : chapter	Trespass
chapter : chapter	Nursery Cryme
section : section	the next line is empty
building indent_tru
perl ../tru indent.tru structure.tru >indent_tru
GOOD	indent_tru
testing indent_tru
perl indent_tru in
chapter	From Genesis to Revelation
  section	one
    subsection	one-one
      line 1
      line 2
      table
	field 1
	    more about field1
	the next two lines are empty


    subsection	one-two
  section	two
chapter	Trespass
chapter	Nursery Cryme
  section	the next line is empty
building level_tru
perl ../tru level.tru structure.tru >level_tru
GOOD	level_tru
testing level_tru
perl level_tru in
1 : chapter	From Genesis to Revelation
3 : section	one
5 : subsection	one-one
7 : line 1
7 : line 2
7 : table
9 : field 1
13 : more about field1
9 : the next two lines are empty
9 : 
9 : 
5 : subsection	one-two
3 : section	two
1 : chapter	Trespass
1 : chapter	Nursery Cryme
3 : section	the next line is empty
building rindent_and_rlevel_tru
perl ../tru rindent_and_rlevel.tru structure.tru >rindent_and_rlevel_tru
GOOD	rindent_and_rlevel_tru
testing rindent_and_rlevel_tru
perl rindent_and_rlevel_tru in
,'' : chapter	From Genesis to Revelation
,'' : section	one
,'' : subsection	one-one
,'' : line 1
,'' : line 2
,'' : table
> 0,'' : field 1
- ,'' : 4,'    ' : field 1
> 4,'    ' : more about field1
- ,'' : 4,'    ' : more about field1
< ,'' : 4,'    ' : more about field1
< ,'' : 4,'    ' : field 1
> 0,'' : the next two lines are empty
- ,'' : 0,'' : the next two lines are empty
< ,'' : 0,'' : the next two lines are empty
> 0,'' : 
- ,'' : 0,'' : 
< ,'' : 0,'' : 
> 0,'' : 
- ,'' : 0,'' : 
< ,'' : 0,'' : 
,'' : subsection	one-two
,'' : section	two
,'' : chapter	Trespass
,'' : chapter	Nursery Cryme
,'' : section	the next line is empty
building rnr_tru
perl ../tru rnr.tru structure.tru >rnr_tru
GOOD	rnr_tru
testing rnr_tru
perl rnr_tru in
0	1 : before having read any line
1	1 : chapter	From Genesis to Revelation
2	1 : section	one
3	1 : subsection	one-one
4	1 : line 1
5	2 : line 2
6	3 : table
7	1 : field 1
	'1','1','','1','','1','','3','','1'
8	1 : more about field1
	'1','1','','1','','1','','3','','1','','','','1'
9	2 : the next two lines are empty
	'1','1','','1','','1','','3','','2'
10	3 : 
	'1','1','','1','','1','','3','','3'
11	4 : 
	'1','1','','1','','1','','3','','4'
12	2 : subsection	one-two
13	2 : section	two
14	2 : chapter	Trespass
15	3 : chapter	Nursery Cryme
16	1 : section	the next line is empty
building NrOfChilds_tru
perl ../tru NrOfChilds.tru structure.tru >NrOfChilds_tru
GOOD	NrOfChilds_tru
testing NrOfChilds_tru
perl NrOfChilds_tru in
2 : chapter	From Genesis to Revelation
2 : section	one
3 : subsection	one-one
0 : line 1
0 : line 2
2 : table
1 : field 1
0 : more about field1
0 : the next two lines are empty
0 : 
0 : 
0 : subsection	one-two
0 : section	two
0 : chapter	Trespass
1 : chapter	Nursery Cryme
0 : section	the next line is empty
building NrOfLinesFollowing_tru
perl ../tru NrOfLinesFollowing.tru structure.tru >NrOfLinesFollowing_tru
GOOD	NrOfLinesFollowing_tru
testing NrOfLinesFollowing_tru
perl NrOfLinesFollowing_tru in
12 : chapter	From Genesis to Revelation
10 : section	one
8 : subsection	one-one
0 : line 1
0 : line 2
5 : table
1 : field 1
0 : more about field1
0 : the next two lines are empty
0 : 
0 : 
0 : subsection	one-two
0 : section	two
0 : chapter	Trespass
1 : chapter	Nursery Cryme
0 : section	the next line is empty
building isLast_tru
perl ../tru isLast.tru structure.tru >isLast_tru
GOOD	isLast_tru
testing isLast_tru
perl isLast_tru in
0 : chapter	From Genesis to Revelation
0 : section	one
0 : subsection	one-one
 : line 1
0 : line 2
1 : table
0 : field 1
1 : more about field1
3 : the next two lines are empty
0 : 
1 : 
1 : subsection	one-two
1 : section	two
0 : chapter	Trespass
1 : chapter	Nursery Cryme
2 : section	the next line is empty
building ATTIC_tru
perl ../tru ATTIC.tru structure.tru >ATTIC_tru
GOOD	ATTIC_tru
testing ATTIC_tru
perl ATTIC_tru in
0 : chapter	fixed1
0 : chapter	fixed2
0 : section	zero
0 : this 'field1' isn't Affected by (hook) READ
1 : chapter	From Genesis to Revelation
2 : section	one
3 : subsection	one-one
4 : line 1
5 : line 2
6 : table
7 : field 1
8 : more about FIELD1
9 : the next two lines are empty
10 : 
11 : 
12 : subsection	one-two
13 : section	two
13 : section	three
13 : this 'field1' isn't Affected by (hook) READ
13 : this 'FIELD1' is Affected by (hook) READ
14 : chapter	Trespass
15 : chapter	Nursery Cryme
16 : section	the next line is empty
