DOC
  file	trudoc.tru
    Convert trudoc to html
      This program takes a truer as argument and processes it's documentation to convert it to html.
      This is done by running "truer -doc" and processing this output.
      The resulting html-file needs trudoc.css as stylesheet.
Action
  file	trudoc.tru
    an Action
      Parameters :
        Action	mandatory	.+	The action
        *	optional	.+	the args, each in it's own field

      Example :
	actions
	  HitThis	arg1	arg2
DocAction
  file	trudoc.tru
    internal
nonDocAction
  file	trudoc.tru
    internal
Parameters :
  file	trudoc.tru
    The Params
      Details :
        Describes the parameters for the action.
      Parameters :
        Parameters :	indicator	.*
      Example :
	actions
	  HitThis	arg
	    Parameters :
	      HitThis	indicator	HitThis
	      arg		mandatory	"a" or "b"	the butt
Indicator	ind	re
  file	trudoc.tru
    Parameter, that indicates a special block
      Parameters :
        Indicator	mandatory	.+	the name of the parameter
        ind		indicator	indicator
        re		mandatory	.+	what is accepted by this action
      Example :
        see	Parameters :
param	typ	re	desc
  file	trudoc.tru
    Parameter
      Parameters :
        param	mandatory	.+					the name of the parameter
        typ		mandatory	"indicator","mandatory" or "optional"	how this option must be used
        re		mandatory	.+					what is allowed for this parameter
        desc	mandatory	.+					a short description of this parameter
      Example :
        see	Parameters :
Example :	cmd
  file	trudoc.tru
    An Example
      Parameters :
        Example :	indicator	Example :
        cmd		optional	.+	the command to run the Example
      Details :
        the first tab of the child-block is removed, so the example can be nicely aligned.
        You can have more than one example.
      Example :
	actions
	  foo
	    short for foo
	      Example :
		here comes the example 
		on many lines
		and it can contain one	or more	tabs
see	what
  file	trudoc.tru
    point to an Example in another Action
      Parameters :
        see		indicator	see
        what	mandatory	.+	where the example can be found
      Example :
	actions
	  foo
	    short for foo
	      Example :
		see	anotherAction
exampleLine
  file	trudoc.tru
    part of an Example
      Parameters :
        exampleLine	mandatory	.*	one line of the example, can contain tabs
      Example :
        see	Example :
gives :
  file	trudoc.tru
    Result of an Example
      Parameters :
        gives :	indicator	gives :
      this section is produced by trudocGivesCheck according to the cmd given to |Example :|.
      Example :
	actions
	  foo
	    short for foo
	      Example :	whatever_tru -report -daily
		4*5
		5+6
	      gives :
		    Daily Report
		twenty
		eleven
givesLine
  file	trudoc.tru
    part of a gives-block
      Parameters :
        givesLine	mandatory	.*	one line of the example-output, can contain tabs
      Example :
        see	gives :
short
  file	trudoc.tru
    The short description
      Parameters :
        short	mandatory	.*	the short description
      Example :
	actions
	  foo
	    this is the short documentation
	      long documentation
	      follows here
detail
  file	trudoc.tru
    A detail line
      Parameters :
        detail	mandatory	.+	one line of the details, can contain tabs
      Example :
        see	Testaction
Annotation :
  file	trudoc.tru
    The details
      Parameters :
        Details :	indicator	Details :
      Example :
	actions
	  foo
	    short for foo
	      Details :
		this action does magic things
file	filename
  file	trudoc.tru
    Tells,where this part of the documentation is defined
      Parameters :
        file		indicator	from file
        filename	mandatory	.+	the file, where this part of the documentation comes from
      Details :
        This entry is automatically generated by "truer -doc"
      Example :
	actions
	  foo
	    from file	whatever.tru
	    short for foo
Signature :
  file	trudoc.tru
    define the signature for an Action
      Parameters :
        Signature :	indicator	Signature :
        *		mandatory	.+	the actionname and it's parameters, each entry in it's own field
      Details :
        only needed, if the signature is not the same as given on the arglist.
      Example :
	actions
	  foo
	    short for foo
	      Signature :	foo	*
Testaction
  file	trudoc.tru
    just for testing purposes
      Example :
        see	42
      Details :
        this action has no Parameters
      an Example with a command :	cat -n
	    this is an example line

	    blank line above
      an (pseudo) Example with no command :
	    this is a pseudo example line
      no 'gives :' is created for this kind of example.

      Descriptions can be at arbritrary places and can contain characters like <, > and & / \
      and can contain |links|
        Notes :
          Notes or other things here
        Example :
          This is not really an example since it is not at level 3.
          It is merely another anotation

          blank line above

      this line is after a blank line

      this line too is after a blank line

      checking html-like descriptions.
      the <buffer> should not be lost in the Parameters-block
Testaction1
  file	trudoc.tru
    again just for testing purposes
  file	trudoc.tru
    this action is never used in the structure
      Text before the parameters.
      Parameters :
        MultiLineMapping	indicator	<buffer>.*
UNMATCHED
  file	trudoc.tru
    emit warning to STDERR
Testaction2
  file	trudoc.tru
    internal - just for test purposes
      Parameters :
        Testaction2	indicator	.*
P[<]![planname]{
  file	trudoc.tru
    internal - just for test purposes
      Parameters :
        P[<]![planname]{	indicator	.*	planname can be empty
        *			mandatory	.+	the strategies as a sequence of perl-expressions
      Example :
        see	P[<]![planname]{
