building py_tru
tru -s statistics.out ../common.tru ../morecommon.tru ../plainvar.tru py.tru pycoll.tru ../../lib/basicUSAGE.tru >py_tru
tru : Warning 'arg-name problematic' in ../common.tru @ 933
	Name '!' is not a wise choice for arg (Perl gives $! a special meaning)
tru : Warning 'arg-name problematic' in ../common.tru @ 963
	Name '?' is not a wise choice for arg (Perl gives $? a special meaning)
tru : Warning 'group never used' in ../../lib/basicUSAGE.tru @ 0
	the group 'Option' was defined but never used
tru : Warning 'group never used' in ../../lib/basicUSAGE.tru @ 0
	the group 'statement' was defined but never used
tru : Warning 'group never used' in ../../lib/basicUSAGE.tru @ 0
	the group 'try catch clause' was defined but never used
tru : Warning 'group never used' in ../../lib/basicUSAGE.tru @ 0
	the group '{-block' was defined but never used
chmod +x py_tru # this is needed for trudocGivesCheck, else it finds the truer somewhere else
PATH=$PWD:$PATH perl ~/bin/trudocGivesCheck -s py ./py_tru >py_tru.tmp
mv py_tru.tmp py_tru
chmod +x py_tru
GOOD	statistics.out
GOOD	py_tru
{ echo "py_tru\n  convert .pyTR to .py\n    usage"; ./py_tru -? 2>&1 | i -it 1 ; } >docs/README.txt
GOOD	docs/README.txt
{ sed "s/^    usage$/    code/" docs/README.txt ; echo "style\n  Title\tconvert .pyTR to .py" ; } | html_tru >docs/README.html
GOOD	docs/README.html
trudoc_tru ./py_tru >docs/py_tru.html
'gives' is empty for action '2copy' in file ../common.tru line 728
GOOD	docs/py_tru.html
testing py_tru
./py_tru -allowP pytest.pyTR >pytest.py
GOOD	pytest.py
